<?xml version="1.0" encoding="UTF-8"?>
<testsuite xmlns:xsi="http://www.w3.org/2001/XMLSchema-instance" xsi:noNamespaceSchemaLocation="https://maven.apache.org/surefire/maven-surefire-plugin/xsd/surefire-test-report-3.0.xsd" version="3.0" name="com.dhillon.authapi.controller.AuthControllerTest" time="1.285" tests="3" errors="0" skipped="0" failures="0">
  <properties>
[...]
</properties>
  <testcase name="testLogin" classname="com.dhillon.authapi.controller.AuthControllerTest" time="0.074">
    <system-out><![CDATA[20:11:42.698 [main] INFO org.springframework.test.context.support.AnnotationConfigContextLoaderUtils -- Could not detect default configuration classes for test class [com.dhillon.authapi.controller.AuthControllerTest]: AuthControllerTest does not declare any static, non-private, non-final, nested classes annotated with @Configuration.
20:11:42.753 [main] INFO org.springframework.boot.test.context.SpringBootTestContextBootstrapper -- Found @SpringBootConfiguration com.dhillon.authapi.AuthApiApplication for test class com.dhillon.authapi.controller.AuthControllerTest

  .   ____          _            __ _ _
 /\\ / ___'_ __ _ _(_)_ __  __ _ \ \ \ \
( ( )\___ | '_ | '_| | '_ \/ _` | \ \ \ \
 \\/  ___)| |_)| | | | | || (_| |  ) ) ) )
  '  |____| .__|_| |_|_| |_\__, | / / / /
 =========|_|==============|___/=/_/_/_/
 :: Spring Boot ::                (v3.2.6)

2025-04-20T20:11:42.883-06:00  INFO 59588 --- [           main] c.d.a.controller.AuthControllerTest      : Starting AuthControllerTest using Java 23.0.2 with PID 59588 (started by dhillon in /Users/dhillon/chaiCode/springboot-auth-api)
2025-04-20T20:11:42.884-06:00  INFO 59588 --- [           main] c.d.a.controller.AuthControllerTest      : No active profile set, falling back to 1 default profile: "default"
2025-04-20T20:11:43.780-06:00  INFO 59588 --- [           main] o.s.s.web.DefaultSecurityFilterChain     : Will secure any request with [org.springframework.security.web.session.DisableEncodeUrlFilter@2e8b24a1, org.springframework.security.web.context.request.async.WebAsyncManagerIntegrationFilter@3ce7394f, org.springframework.security.web.context.SecurityContextHolderFilter@297bd171, org.springframework.security.web.header.HeaderWriterFilter@40bf0e15, org.springframework.web.filter.CorsFilter@6723cce7, org.springframework.security.web.csrf.CsrfFilter@63cf578f, org.springframework.security.web.authentication.logout.LogoutFilter@7198ab9a, org.springframework.security.web.authentication.UsernamePasswordAuthenticationFilter@1850f2da, org.springframework.security.web.authentication.ui.DefaultLoginPageGeneratingFilter@543b0737, org.springframework.security.web.authentication.ui.DefaultLogoutPageGeneratingFilter@74cd798f, org.springframework.security.web.authentication.www.BasicAuthenticationFilter@770cae59, org.springframework.security.web.savedrequest.RequestCacheAwareFilter@4cc26df, org.springframework.security.web.servletapi.SecurityContextHolderAwareRequestFilter@7848321e, org.springframework.security.web.authentication.AnonymousAuthenticationFilter@314f59b, org.springframework.security.web.access.ExceptionTranslationFilter@481ed95c, org.springframework.security.web.access.intercept.AuthorizationFilter@74ebd159]
2025-04-20T20:11:43.787-06:00  WARN 59588 --- [           main] .s.s.UserDetailsServiceAutoConfiguration : 

Using generated security password: 7f65a1b1-18f6-4dc4-af5e-b287ac8f211c

This generated password is for development use only. Your security configuration must be updated before running your application in production.

2025-04-20T20:11:43.796-06:00  INFO 59588 --- [           main] o.s.b.t.m.w.SpringBootMockServletContext : Initializing Spring TestDispatcherServlet ''
2025-04-20T20:11:43.796-06:00  INFO 59588 --- [           main] o.s.t.web.servlet.TestDispatcherServlet  : Initializing Servlet ''
2025-04-20T20:11:43.797-06:00  INFO 59588 --- [           main] o.s.t.web.servlet.TestDispatcherServlet  : Completed initialization in 1 ms
2025-04-20T20:11:43.805-06:00  INFO 59588 --- [           main] c.d.a.controller.AuthControllerTest      : Started AuthControllerTest in 1.024 seconds (process running for 1.38)
]]></system-out>
    <system-err><![CDATA[WARNING: A Java agent has been loaded dynamically (/Users/dhillon/.m2/repository/net/bytebuddy/byte-buddy-agent/1.14.16/byte-buddy-agent-1.14.16.jar)
WARNING: If a serviceability tool is in use, please run with -XX:+EnableDynamicAgentLoading to hide this warning
WARNING: If a serviceability tool is not in use, please run with -Djdk.instrument.traceUsage for more information
WARNING: Dynamic loading of agents will be disallowed by default in a future release
]]></system-err>
  </testcase>
  <testcase name="testRegister" classname="com.dhillon.authapi.controller.AuthControllerTest" time="0.019"/>
  <testcase name="testVerify" classname="com.dhillon.authapi.controller.AuthControllerTest" time="0.005"/>
</testsuite>